Build started 20/02/2016 17:33:15.
     1>Project "C:\Users\Steve\Documents\Visual Studio 2010\Projects\Dyno -2B\Dyno.vcxproj" on node 2 (build target(s)).
     1>InitializeBuildStatus:
         Creating "Debug\Dyno.unsuccessfulbuild" because "AlwaysCreate" was specified.
       GenerateTargetFrameworkMonikerAttribute:
       Skipping target "GenerateTargetFrameworkMonikerAttribute" because all output files are up-to-date with respect to the input files.
       ClCompile:
         All outputs are up-to-date.
         C:\Program Files (x86)\Microsoft Visual Studio 10.0\VC\bin\CL.exe /c /AI"C:\Program Files (x86)\Reference Assemblies\Microsoft\Framework\.NETFramework\v4.0" /Zi /clr:pure /nologo /W3 /WX- /Od /Oy- /D WIN32 /D _DEBUG /D _UNICODE /D UNICODE /EHa /MDd /GS /fp:precise /Zc:wchar_t /Zc:forScope /Yu"StdAfx.h" /Fp"Debug\Dyno.pch" /Fo"Debug\\" /Fd"Debug\vc100.pdb" /TP /FU"C:\Program Files (x86)\Reference Assemblies\Microsoft\Framework\.NETFramework\v4.0\System.Core.dll" /FU"C:\Program Files (x86)\Reference Assemblies\Microsoft\Framework\.NETFramework\v4.0\System.Data.dll" /FU"C:\Program Files (x86)\Reference Assemblies\Microsoft\Framework\.NETFramework\v4.0\System.dll" /FU"C:\Program Files (x86)\Reference Assemblies\Microsoft\Framework\.NETFramework\v4.0\System.Drawing.dll" /FU"C:\Program Files (x86)\Reference Assemblies\Microsoft\Framework\.NETFramework\v4.0\System.Windows.Forms.dll" /FU"C:\Program Files (x86)\Reference Assemblies\Microsoft\Framework\.NETFramework\v4.0\System.Xml.dll" /analyze- /errorReport:prompt Dyno.cpp Form2.cpp /clr:nostdlib 
         Dyno.cpp
         Form2.cpp
         Generating Code...
         All outputs are up-to-date.
       CoreResGen:
         No resources are out of date with respect to their source files. Skipping resource generation.
       ResourceCompile:
         All outputs are up-to-date.
       Link:
         C:\Program Files (x86)\Microsoft Visual Studio 10.0\VC\bin\link.exe /ERRORREPORT:PROMPT /OUT:"C:\Users\Steve\Documents\Visual Studio 2010\Projects\Dyno -2B\Debug\Dyno.exe" /INCREMENTAL /NOLOGO /ASSEMBLYRESOURCE:Debug\Dyno.Form2.resources /MANIFEST /ManifestFile:"Debug\Dyno.exe.intermediate.manifest" /MANIFESTUAC:"level='asInvoker' uiAccess='false'" /DEBUG /PDB:"C:\Users\Steve\Documents\Visual Studio 2010\Projects\Dyno -2B\Debug\Dyno.pdb" /ASSEMBLYDEBUG /SUBSYSTEM:WINDOWS /TLBID:1 /ENTRY:"main" /DYNAMICBASE /FIXED:NO /NXCOMPAT /MACHINE:X86 Debug\app.res
         Debug\AssemblyInfo.obj
         Debug\Dyno.obj
         Debug\Form2.obj
         Debug\stdafx.obj
         "Debug\.NETFramework,Version=v4.0.AssemblyAttributes.obj"
         Dyno.vcxproj -> C:\Users\Steve\Documents\Visual Studio 2010\Projects\Dyno -2B\Debug\Dyno.exe
       Manifest:
         C:\Program Files (x86)\Microsoft SDKs\Windows\v7.0A\bin\mt.exe /nologo /verbose /outputresource:"C:\Users\Steve\Documents\Visual Studio 2010\Projects\Dyno -2B\Debug\Dyno.exe;#1" /manifest Debug\Dyno.exe.intermediate.manifest
       FinalizeBuildStatus:
         Deleting file "Debug\Dyno.unsuccessfulbuild".
         Touching "Debug\Dyno.lastbuildstate".
     1>Done Building Project "C:\Users\Steve\Documents\Visual Studio 2010\Projects\Dyno -2B\Dyno.vcxproj" (build target(s)).

Build succeeded.

Time Elapsed 00:00:06.73
